<?xml version="1.0" encoding="UTF-8"?>
<!-- Generated by org.testng.reporters.JUnitXMLReporter -->
<testsuite ignored="0" hostname="Shubham" failures="0" tests="6" name="Default test" time="17.845" errors="0" timestamp="2025-08-25T13:15:21 IST">
  <testcase classname="api.test.DataDriverUserTest" name="testPostUser" time="4.182"/>
  <testcase classname="api.test.DataDriverUserTest" name="testPostUser" time="1.643"/>
  <testcase classname="api.test.DataDriverUserTest" name="testPostUser" time="1.532"/>
  <testcase classname="api.test.DataDriverUserTest" name="testDeleteUserByName" time="5.556"/>
  <testcase classname="api.test.DataDriverUserTest" name="testDeleteUserByName" time="1.533"/>
  <testcase classname="api.test.DataDriverUserTest" name="testDeleteUserByName" time="1.636"/>
</testsuite> <!-- Default test -->
