<?xml version="1.0" encoding="UTF-8"?>
<!-- Generated by org.testng.reporters.JUnitXMLReporter -->
<testsuite ignored="0" hostname="Shubham" failures="0" tests="4" name="Test" time="21.236" errors="0" timestamp="2025-08-26T00:51:11 IST">
  <testcase classname="api.test.UserTest" name="testPostUser" time="6.016"/>
  <testcase classname="api.test.UserTest" name="testGetUserByName" time="7.789"/>
  <testcase classname="api.test.UserTest" name="testUpdateUserByName" time="4.081"/>
  <testcase classname="api.test.UserTest" name="testDeleteUserByName" time="1.633"/>
</testsuite> <!-- Test -->
