<?xml version="1.0" encoding="UTF-8"?>
<testng-results ignored="0" total="4" passed="4" failed="0" skipped="0">
  <reporter-output>
  </reporter-output>
  <suite started-at="2025-08-26T00:50:50 IST" name="Suite" finished-at="2025-08-26T00:51:11 IST" duration-ms="21236">
    <groups>
    </groups>
    <test started-at="2025-08-26T00:50:50 IST" name="Test" finished-at="2025-08-26T00:51:11 IST" duration-ms="21236">
      <class name="api.test.UserTest">
        <test-method is-config="true" signature="setupData()[pri:0, instance:api.test.UserTest@20d525]" started-at="2025-08-26T00:50:50 IST" name="setupData" finished-at="2025-08-26T00:50:51 IST" duration-ms="1183" status="PASS">
          <reporter-output>
          </reporter-output>
        </test-method> <!-- setupData -->
        <test-method signature="testPostUser()[pri:1, instance:api.test.UserTest@20d525]" started-at="2025-08-26T00:50:51 IST" name="testPostUser" finished-at="2025-08-26T00:50:57 IST" duration-ms="6016" status="PASS">
          <reporter-output>
          </reporter-output>
        </test-method> <!-- testPostUser -->
        <test-method signature="testGetUserByName()[pri:2, instance:api.test.UserTest@20d525]" started-at="2025-08-26T00:50:57 IST" name="testGetUserByName" finished-at="2025-08-26T00:51:05 IST" duration-ms="7789" status="PASS">
          <reporter-output>
          </reporter-output>
        </test-method> <!-- testGetUserByName -->
        <test-method signature="testUpdateUserByName()[pri:3, instance:api.test.UserTest@20d525]" started-at="2025-08-26T00:51:05 IST" name="testUpdateUserByName" finished-at="2025-08-26T00:51:09 IST" duration-ms="4081" status="PASS">
          <reporter-output>
          </reporter-output>
        </test-method> <!-- testUpdateUserByName -->
        <test-method signature="testDeleteUserByName()[pri:4, instance:api.test.UserTest@20d525]" started-at="2025-08-26T00:51:09 IST" name="testDeleteUserByName" finished-at="2025-08-26T00:51:11 IST" duration-ms="1633" status="PASS">
          <reporter-output>
          </reporter-output>
        </test-method> <!-- testDeleteUserByName -->
      </class> <!-- api.test.UserTest -->
    </test> <!-- Test -->
  </suite> <!-- Suite -->
</testng-results>
